<?xml version="1.0" encoding="UTF-8"?>
<!-- Generated by org.testng.reporters.JUnitReportReporter -->
<testsuite hostname="INLEN8520065665" failures="0" tests="1" name="rahulshettyacademy.Selenium_Framework.Test.ErrorValidations" time="4.964" errors="0" timestamp="2024-07-01T12:54:11 IST" skipped="0">
  <testcase classname="rahulshettyacademy.Selenium_Framework.Test.ErrorValidations" name="submiteOder" time="4.964"/>
</testsuite> <!-- rahulshettyacademy.Selenium_Framework.Test.ErrorValidations -->
