<?xml version="1.0" encoding="UTF-8"?>
<!-- Generated by org.testng.reporters.JUnitReportReporter -->
<testsuite hostname="INLEN8520065665" failures="0" tests="1" name="Selenium_Framework.Test.ScrollEX" time="49.902" errors="0" timestamp="2024-07-02T11:47:28 IST" skipped="0">
  <testcase classname="Selenium_Framework.Test.ScrollEX" name="run" time="49.902"/>
</testsuite> <!-- Selenium_Framework.Test.ScrollEX -->
